<?xml version="1.0" encoding="UTF-8"?>
<!-- Generated by org.testng.reporters.JUnitReportReporter -->
<testsuite hostname="DESKTOP-353OLDC" name="tests.TC001_CreateLead" tests="2" failures="0" timestamp="9 Jun 2018 09:29:06 GMT" time="46.358" errors="0">
  <testcase name="runCreateLead" time="22.452" classname="tests.TC001_CreateLead"/>
  <testcase name="runCreateLead" time="23.906" classname="tests.TC001_CreateLead"/>
</testsuite> <!-- tests.TC001_CreateLead -->
